[0.008s] Invoking command in '/home/palas21/dev/git/sctAssignments/sctAssignment7/build/joystick_controller': CMAKE_PREFIX_PATH=/opt/ros/humble /usr/bin/cmake /home/palas21/dev/git/sctAssignments/sctAssignment7/src/joystick_controller -DCMAKE_INSTALL_PREFIX=/home/palas21/dev/git/sctAssignments/sctAssignment7/install/joystick_controller
[1.376s] -- The C compiler identification is GNU 11.4.0
[1.803s] -- The CXX compiler identification is GNU 11.4.0
[1.811s] -- Detecting C compiler ABI info
[1.958s] -- Detecting C compiler ABI info - done
[1.963s] -- Check for working C compiler: /usr/bin/cc - skipped
[1.964s] -- Detecting C compile features
[2.008s] -- Detecting C compile features - done
[2.011s] -- Detecting CXX compiler ABI info
[2.149s] -- Detecting CXX compiler ABI info - done
[2.155s] -- Check for working CXX compiler: /usr/bin/c++ - skipped
[2.155s] -- Detecting CXX compile features
[2.156s] -- Detecting CXX compile features - done
[2.158s] -- Found ament_cmake: 1.3.8 (/opt/ros/humble/share/ament_cmake/cmake)
[2.301s] -- Found Python3: /usr/bin/python3 (found version "3.10.12") found components: Interpreter 
[2.434s] -- Found rclcpp: 16.0.8 (/opt/ros/humble/share/rclcpp/cmake)
[2.484s] -- Found rosidl_generator_c: 3.1.5 (/opt/ros/humble/share/rosidl_generator_c/cmake)
[2.488s] -- Found rosidl_adapter: 3.1.5 (/opt/ros/humble/share/rosidl_adapter/cmake)
[2.494s] -- Found rosidl_generator_cpp: 3.1.5 (/opt/ros/humble/share/rosidl_generator_cpp/cmake)
[2.523s] -- Using all available rosidl_typesupport_c: rosidl_typesupport_fastrtps_c;rosidl_typesupport_introspection_c
[2.554s] -- Using all available rosidl_typesupport_cpp: rosidl_typesupport_fastrtps_cpp;rosidl_typesupport_introspection_cpp
[2.618s] -- Found rmw_implementation_cmake: 6.1.1 (/opt/ros/humble/share/rmw_implementation_cmake/cmake)
[2.620s] -- Found rmw_fastrtps_cpp: 6.2.6 (/opt/ros/humble/share/rmw_fastrtps_cpp/cmake)
[2.831s] -- Found OpenSSL: /usr/lib/x86_64-linux-gnu/libcrypto.so (found version "3.0.2")  
[2.860s] -- Found FastRTPS: /opt/ros/humble/include  
[2.907s] -- Using RMW implementation 'rmw_fastrtps_cpp' as default
[2.925s] -- Looking for pthread.h
[3.032s] -- Looking for pthread.h - found
[3.033s] -- Performing Test CMAKE_HAVE_LIBC_PTHREAD
[3.111s] -- Performing Test CMAKE_HAVE_LIBC_PTHREAD - Success
[3.112s] -- Found Threads: TRUE  
[3.243s] -- Found sensor_msgs: 4.2.3 (/opt/ros/humble/share/sensor_msgs/cmake)
[3.345s] -- Found ament_lint_auto: 0.12.10 (/opt/ros/humble/share/ament_lint_auto/cmake)
[3.415s] -- Added test 'cppcheck' to perform static code analysis on C / C++ code
[3.415s] -- Configured cppcheck include dirs: 
[3.415s] -- Configured cppcheck exclude dirs and/or files: 
[3.416s] -- Added test 'lint_cmake' to check CMake code style
[3.417s] -- Added test 'uncrustify' to check C / C++ code style
[3.417s] -- Configured uncrustify additional arguments: 
[3.417s] -- Added test 'xmllint' to check XML markup files
[3.418s] -- Configuring done
[3.427s] -- Generating done
[3.429s] -- Build files have been written to: /home/palas21/dev/git/sctAssignments/sctAssignment7/build/joystick_controller
[3.438s] Invoked command in '/home/palas21/dev/git/sctAssignments/sctAssignment7/build/joystick_controller' returned '0': CMAKE_PREFIX_PATH=/opt/ros/humble /usr/bin/cmake /home/palas21/dev/git/sctAssignments/sctAssignment7/src/joystick_controller -DCMAKE_INSTALL_PREFIX=/home/palas21/dev/git/sctAssignments/sctAssignment7/install/joystick_controller
[3.439s] Invoking command in '/home/palas21/dev/git/sctAssignments/sctAssignment7/build/joystick_controller': CMAKE_PREFIX_PATH=/opt/ros/humble /usr/bin/cmake --build /home/palas21/dev/git/sctAssignments/sctAssignment7/build/joystick_controller -- -j12 -l12
[3.487s] [ 50%] [32mBuilding CXX object CMakeFiles/turtlesim_client.dir/src/turtlesim_client.cpp.o[0m
[3.495s] [01m[K/home/palas21/dev/git/sctAssignments/sctAssignment7/src/joystick_controller/src/turtlesim_client.cpp:1:10:[m[K [01;31m[Kfatal error: [m[Kgeometry_msgs/Twist.h: No such file or directory
[3.495s]     1 | #include [01;31m[K"geometry_msgs/Twist.h"[m[K
[3.495s]       |          [01;31m[K^~~~~~~~~~~~~~~~~~~~~~~[m[K
[3.495s] compilation terminated.
[3.496s] gmake[2]: *** [CMakeFiles/turtlesim_client.dir/build.make:76: CMakeFiles/turtlesim_client.dir/src/turtlesim_client.cpp.o] Error 1
[3.497s] gmake[1]: *** [CMakeFiles/Makefile2:137: CMakeFiles/turtlesim_client.dir/all] Error 2
[3.497s] gmake: *** [Makefile:146: all] Error 2
[3.499s] Invoked command in '/home/palas21/dev/git/sctAssignments/sctAssignment7/build/joystick_controller' returned '2': CMAKE_PREFIX_PATH=/opt/ros/humble /usr/bin/cmake --build /home/palas21/dev/git/sctAssignments/sctAssignment7/build/joystick_controller -- -j12 -l12
