[0.010s] Invoking command in '/home/palas21/dev/git/sctAssignments/sctAssignment7/build/joystick_controller': CMAKE_PREFIX_PATH=/opt/ros/humble: /usr/bin/cmake --build /home/palas21/dev/git/sctAssignments/sctAssignment7/build/joystick_controller -- -j12 -l12
[0.032s] -- Found ament_cmake: 1.3.8 (/opt/ros/humble/share/ament_cmake/cmake)
[0.140s] Traceback (most recent call last):
[0.140s]   File "/opt/ros/humble/share/ament_cmake_core/cmake/package_templates/templates_2_cmake.py", line 21, in <module>
[0.140s]     from ament_package.templates import get_environment_hook_template_path
[0.140s] ModuleNotFoundError: No module named 'ament_package'
[0.149s] [31mCMake Error at /opt/ros/humble/share/ament_cmake_core/cmake/ament_cmake_package_templates-extras.cmake:41 (message):
[0.150s]   execute_process(/usr/bin/python3
[0.150s]   /opt/ros/humble/share/ament_cmake_core/cmake/package_templates/templates_2_cmake.py
[0.150s]   /home/palas21/dev/git/sctAssignments/sctAssignment7/build/joystick_controller/ament_cmake_package_templates/templates.cmake)
[0.150s]   returned error code 1
[0.150s] Call Stack (most recent call first):
[0.150s]   /opt/ros/humble/share/ament_cmake_core/cmake/ament_cmake_coreConfig.cmake:41 (include)
[0.150s]   /opt/ros/humble/share/ament_cmake/cmake/ament_cmake_export_dependencies-extras.cmake:15 (find_package)
[0.150s]   /opt/ros/humble/share/ament_cmake/cmake/ament_cmakeConfig.cmake:41 (include)
[0.150s]   CMakeLists.txt:9 (find_package)
[0.150s] 
[0.150s] [0m
[0.150s] -- Configuring incomplete, errors occurred!
[0.150s] See also "/home/palas21/dev/git/sctAssignments/sctAssignment7/build/joystick_controller/CMakeFiles/CMakeOutput.log".
[0.152s] gmake: *** [Makefile:267: cmake_check_build_system] Error 1
[0.154s] Invoked command in '/home/palas21/dev/git/sctAssignments/sctAssignment7/build/joystick_controller' returned '2': CMAKE_PREFIX_PATH=/opt/ros/humble: /usr/bin/cmake --build /home/palas21/dev/git/sctAssignments/sctAssignment7/build/joystick_controller -- -j12 -l12
