[0.010s] Invoking command in '/home/palas21/dev/git/sctAssignments/sctAssignment7/build/joystick_controller': CMAKE_PREFIX_PATH=/opt/ros/humble /usr/bin/cmake --build /home/palas21/dev/git/sctAssignments/sctAssignment7/build/joystick_controller -- -j12 -l12
[0.314s] -- Found ament_cmake: 1.3.8 (/opt/ros/humble/share/ament_cmake/cmake)
[0.757s] -- Found rclcpp: 16.0.8 (/opt/ros/humble/share/rclcpp/cmake)
[0.926s] -- Found rosidl_generator_c: 3.1.5 (/opt/ros/humble/share/rosidl_generator_c/cmake)
[0.942s] -- Found rosidl_adapter: 3.1.5 (/opt/ros/humble/share/rosidl_adapter/cmake)
[0.953s] -- Found rosidl_generator_cpp: 3.1.5 (/opt/ros/humble/share/rosidl_generator_cpp/cmake)
[1.013s] -- Using all available rosidl_typesupport_c: rosidl_typesupport_fastrtps_c;rosidl_typesupport_introspection_c
[1.051s] -- Using all available rosidl_typesupport_cpp: rosidl_typesupport_fastrtps_cpp;rosidl_typesupport_introspection_cpp
[1.153s] -- Found rmw_implementation_cmake: 6.1.1 (/opt/ros/humble/share/rmw_implementation_cmake/cmake)
[1.183s] -- Found rmw_fastrtps_cpp: 6.2.6 (/opt/ros/humble/share/rmw_fastrtps_cpp/cmake)
[1.401s] -- Using RMW implementation 'rmw_fastrtps_cpp' as default
[1.668s] -- Found geometry_msgs: 4.2.3 (/opt/ros/humble/share/geometry_msgs/cmake)
[1.723s] -- Found sensor_msgs: 4.2.3 (/opt/ros/humble/share/sensor_msgs/cmake)
[1.807s] -- Found turtlesim: 1.4.2 (/opt/ros/humble/share/turtlesim/cmake)
[2.036s] -- Found joy: 3.3.0 (/opt/ros/humble/share/joy/cmake)
[2.134s] -- Found ament_lint_auto: 0.12.10 (/opt/ros/humble/share/ament_lint_auto/cmake)
[2.286s] -- Added test 'cppcheck' to perform static code analysis on C / C++ code
[2.286s] -- Configured cppcheck include dirs: 
[2.286s] -- Configured cppcheck exclude dirs and/or files: 
[2.287s] -- Added test 'flake8' to check Python code syntax and style conventions
[2.287s] -- Added test 'lint_cmake' to check CMake code style
[2.288s] -- Added test 'pep257' to check Python code against some of the docstring style conventions in PEP 257
[2.289s] -- Added test 'uncrustify' to check C / C++ code style
[2.289s] -- Configured uncrustify additional arguments: 
[2.289s] -- Added test 'xmllint' to check XML markup files
[2.290s] -- Configuring done
[2.355s] -- Generating done
[2.357s] -- Build files have been written to: /home/palas21/dev/git/sctAssignments/sctAssignment7/build/joystick_controller
[2.381s] [35m[1mConsolidate compiler generated dependencies of target turtlesim_client[0m
[2.400s] [ 50%] [32mBuilding CXX object CMakeFiles/turtlesim_client.dir/src/turtlesim_client.cpp.o[0m
[2.641s] [01m[K/home/palas21/dev/git/sctAssignments/sctAssignment7/src/joystick_controller/src/turtlesim_client.cpp:4:10:[m[K [01;31m[Kfatal error: [m[Kstd_srvs/srv/empty.hpp: No such file or directory
[2.641s]     4 | #include [01;31m[K<std_srvs/srv/empty.hpp>[m[K
[2.641s]       |          [01;31m[K^~~~~~~~~~~~~~~~~~~~~~~~[m[K
[2.641s] compilation terminated.
[2.645s] gmake[2]: *** [CMakeFiles/turtlesim_client.dir/build.make:76: CMakeFiles/turtlesim_client.dir/src/turtlesim_client.cpp.o] Error 1
[2.645s] gmake[1]: *** [CMakeFiles/Makefile2:137: CMakeFiles/turtlesim_client.dir/all] Error 2
[2.646s] gmake: *** [Makefile:146: all] Error 2
[2.648s] Invoked command in '/home/palas21/dev/git/sctAssignments/sctAssignment7/build/joystick_controller' returned '2': CMAKE_PREFIX_PATH=/opt/ros/humble /usr/bin/cmake --build /home/palas21/dev/git/sctAssignments/sctAssignment7/build/joystick_controller -- -j12 -l12
