[0.009s] Invoking command in '/home/palas21/dev/git/sctAssignments/sctAssignment7/build/joystick_controller': CMAKE_PREFIX_PATH=/opt/ros/humble: /usr/bin/cmake --build /home/palas21/dev/git/sctAssignments/sctAssignment7/build/joystick_controller -- -j12 -l12
[0.047s] [35m[1mConsolidate compiler generated dependencies of target turtlesim_client[0m
[0.066s] [ 50%] [32mBuilding CXX object CMakeFiles/turtlesim_client.dir/src/turtlesim_client.cpp.o[0m
[1.944s] [01m[K/home/palas21/dev/git/sctAssignments/sctAssignment7/src/joystick_controller/src/turtlesim_client.cpp:22:48:[m[K [01;31m[Kerror: [m[Kâ€˜[01m[Kjoy[m[Kâ€™ is not a member of â€˜[01m[Ksensor_msgs::msg[m[Kâ€™; did you mean â€˜[01m[KJoy[m[Kâ€™?
[1.944s]    22 |         rclcpp::Subscription<sensor_msgs::msg::[01;31m[Kjoy[m[K>::SharedPtr subscriber_;
[1.944s]       |                                                [01;31m[K^~~[m[K
[1.944s]       |                                                [32m[KJoy[m[K
[1.944s] [01m[K/home/palas21/dev/git/sctAssignments/sctAssignment7/src/joystick_controller/src/turtlesim_client.cpp:22:51:[m[K [01;31m[Kerror: [m[Ktemplate argument 1 is invalid
[1.944s]    22 |         rclcpp::Subscription<sensor_msgs::msg::joy[01;31m[K>[m[K::SharedPtr subscriber_;
[1.944s]       |                                                   [01;31m[K^[m[K
[1.944s] [01m[K/home/palas21/dev/git/sctAssignments/sctAssignment7/src/joystick_controller/src/turtlesim_client.cpp:22:51:[m[K [01;31m[Kerror: [m[Ktemplate argument 3 is invalid
[1.944s] [01m[K/home/palas21/dev/git/sctAssignments/sctAssignment7/src/joystick_controller/src/turtlesim_client.cpp:22:51:[m[K [01;31m[Kerror: [m[Ktemplate argument 4 is invalid
[1.945s] [01m[K/home/palas21/dev/git/sctAssignments/sctAssignment7/src/joystick_controller/src/turtlesim_client.cpp:22:51:[m[K [01;31m[Kerror: [m[Ktemplate argument 5 is invalid
[1.945s] [01m[K/home/palas21/dev/git/sctAssignments/sctAssignment7/src/joystick_controller/src/turtlesim_client.cpp:22:54:[m[K [01;31m[Kerror: [m[Kexpected â€˜[01m[K;[m[Kâ€™ at end of member declaration
[1.945s]    22 |         rclcpp::Subscription<sensor_msgs::msg::joy>::[01;31m[KSharedPtr[m[K subscriber_;
[1.945s]       |                                                      [01;31m[K^~~~~~~~~[m[K
[1.945s]       |                                                               [32m[K;[m[K
[1.946s] [01m[K/home/palas21/dev/git/sctAssignments/sctAssignment7/src/joystick_controller/src/turtlesim_client.cpp:22:64:[m[K [01;31m[Kerror: [m[Kâ€˜[01m[Ksubscriber_[m[Kâ€™ does not name a type
[1.946s]    22 |         rclcpp::Subscription<sensor_msgs::msg::joy>::SharedPtr [01;31m[Ksubscriber_[m[K;
[1.946s]       |                                                                [01;31m[K^~~~~~~~~~~[m[K
[1.953s] [01m[K/home/palas21/dev/git/sctAssignments/sctAssignment7/src/joystick_controller/src/turtlesim_client.cpp:[m[K In constructor â€˜[01m[KTurtlesimClient::TurtlesimClient()[m[Kâ€™:
[1.953s] [01m[K/home/palas21/dev/git/sctAssignments/sctAssignment7/src/joystick_controller/src/turtlesim_client.cpp:13:13:[m[K [01;31m[Kerror: [m[Kâ€˜[01m[Ksubscriber_[m[Kâ€™ was not declared in this scope
[1.954s]    13 |             [01;31m[Ksubscriber_[m[K = this->create_subscription<sensor_msgs::msg::Joy>("joy", 10, std::bind(&TurtlesimClient::joyCallback, this, std::placeholders::_1));
[1.954s]       |             [01;31m[K^~~~~~~~~~~[m[K
[1.989s] In file included from [01m[K/opt/ros/humble/include/rclcpp/rclcpp/logging.hpp:24[m[K,
[1.989s]                  from [01m[K/opt/ros/humble/include/rclcpp/rclcpp/client.hpp:40[m[K,
[1.989s]                  from [01m[K/opt/ros/humble/include/rclcpp/rclcpp/callback_group.hpp:24[m[K,
[1.989s]                  from [01m[K/opt/ros/humble/include/rclcpp/rclcpp/any_executable.hpp:20[m[K,
[1.989s]                  from [01m[K/opt/ros/humble/include/rclcpp/rclcpp/memory_strategy.hpp:25[m[K,
[1.989s]                  from [01m[K/opt/ros/humble/include/rclcpp/rclcpp/memory_strategies.hpp:18[m[K,
[1.989s]                  from [01m[K/opt/ros/humble/include/rclcpp/rclcpp/executor_options.hpp:20[m[K,
[1.990s]                  from [01m[K/opt/ros/humble/include/rclcpp/rclcpp/executor.hpp:37[m[K,
[1.990s]                  from [01m[K/opt/ros/humble/include/rclcpp/rclcpp/executors/multi_threaded_executor.hpp:25[m[K,
[1.990s]                  from [01m[K/opt/ros/humble/include/rclcpp/rclcpp/executors.hpp:21[m[K,
[1.990s]                  from [01m[K/opt/ros/humble/include/rclcpp/rclcpp/rclcpp.hpp:155[m[K,
[1.990s]                  from [01m[K/home/palas21/dev/git/sctAssignments/sctAssignment7/src/joystick_controller/src/turtlesim_client.cpp:1[m[K:
[1.990s] [01m[K/home/palas21/dev/git/sctAssignments/sctAssignment7/src/joystick_controller/src/turtlesim_client.cpp:[m[K In member function â€˜[01m[Kvoid TurtlesimClient::joyCallback(sensor_msgs::msg::Joy)[m[Kâ€™:
[1.990s] [01m[K/home/palas21/dev/git/sctAssignments/sctAssignment7/src/joystick_controller/src/turtlesim_client.cpp:18:45:[m[K [01;35m[Kwarning: [m[Kformat â€˜[01m[K%s[m[Kâ€™ expects argument of type â€˜[01m[Kchar*[m[Kâ€™, but argument 5 has type â€˜[01m[Ksensor_msgs::msg::Joy[m[Kâ€™ {aka â€˜[01m[Ksensor_msgs::msg::Joy_<std::allocator<void> >[m[Kâ€™} [[01;35m[K]8;;https://gcc.gnu.org/onlinedocs/gcc/Warning-Options.html#index-Wformat=-Wformat=]8;;[m[K]
[1.990s]    18 |             RCLCPP_INFO(this->get_logger(), [01;35m[K"Received joy message: %s"[m[K, msg);
[1.990s]       |                                             [01;35m[K^~~~~~~~~~~~~~~~~~~~~~~~~~[m[K
[1.990s] [01m[K/home/palas21/dev/git/sctAssignments/sctAssignment7/src/joystick_controller/src/turtlesim_client.cpp:18:69:[m[K [01;36m[Knote: [m[Kformat string is defined here
[1.990s]    18 |             RCLCPP_INFO(this->get_logger(), "Received joy message: [01;36m[K%s[m[K", msg);
[1.990s]       |                                                                    [01;36m[K~^[m[K
[1.990s]       |                                                                     [01;36m[K|[m[K
[1.990s]       |                                                                     [01;36m[Kchar*[m[K
[3.898s] gmake[2]: *** [CMakeFiles/turtlesim_client.dir/build.make:76: CMakeFiles/turtlesim_client.dir/src/turtlesim_client.cpp.o] Error 1
[3.898s] gmake[1]: *** [CMakeFiles/Makefile2:137: CMakeFiles/turtlesim_client.dir/all] Error 2
[3.899s] gmake: *** [Makefile:146: all] Error 2
[3.901s] Invoked command in '/home/palas21/dev/git/sctAssignments/sctAssignment7/build/joystick_controller' returned '2': CMAKE_PREFIX_PATH=/opt/ros/humble: /usr/bin/cmake --build /home/palas21/dev/git/sctAssignments/sctAssignment7/build/joystick_controller -- -j12 -l12
